<?xml version="1.0" encoding="UTF-8"?>
<!-- Generated by org.testng.reporters.JUnitReportReporter -->
<testsuite hostname="CPU-0058" failures="0" tests="6" name="com.test.GoogleTest" time="38.758" errors="0" timestamp="2022-05-12T22:42:31 GMT-08:00" skipped="0">
  <testcase classname="com.test.GoogleTest" name="GoogleTitleTest" time="5.467"/>
  <system-out/>
  <testcase classname="com.test.GoogleTest" name="GoogleLogoTest" time="5.489"/>
  <system-out/>
  <testcase classname="com.test.GoogleTest" name="MailLinkTest" time="6.121"/>
  <system-out/>
  <testcase classname="com.test.GoogleTest" name="Test2" time="6.389"/>
  <system-out/>
  <testcase classname="com.test.GoogleTest" name="Test1" time="9.970"/>
  <system-out/>
  <testcase classname="com.test.GoogleTest" name="Test3" time="5.322"/>
  <system-out/>
</testsuite> <!-- com.test.GoogleTest -->
