<?xml version="1.0" encoding="UTF-8"?>
<!-- Generated by org.testng.reporters.JUnitReportReporter -->
<testsuite hostname="CPU-0058" failures="0" tests="2" name="com.test.GoogleTitleTest" time="12.056" errors="0" timestamp="2022-05-12T22:42:31 GMT-08:00" skipped="0">
  <testcase classname="com.test.GoogleTitleTest" name="GoogleLogoTest" time="6.948"/>
  <system-out/>
  <testcase classname="com.test.GoogleTitleTest" name="GoogleTitleTest" time="5.108"/>
  <system-out/>
</testsuite> <!-- com.test.GoogleTitleTest -->
