<?xml version="1.0" encoding="UTF-8"?>
<!-- Generated by org.testng.reporters.JUnitReportReporter -->
<testsuite hostname="CPU-0058" failures="0" tests="1" name="com.test.ExceptionTimeOutTest" time="0.024" errors="0" timestamp="2022-05-12T22:42:31 GMT-08:00" skipped="0">
  <testcase classname="com.test.ExceptionTimeOutTest" name="test1" time="0.024"/>
  <system-out/>
</testsuite> <!-- com.test.ExceptionTimeOutTest -->
