<?xml version="1.0" encoding="UTF-8"?>
<!-- Generated by org.testng.reporters.JUnitReportReporter -->
<testsuite hostname="CPU-0058" failures="0" tests="2" name="com.test.testngbasic" time="0.005" errors="0" timestamp="2022-05-12T22:42:31 GMT-08:00" skipped="0">
  <testcase classname="com.test.testngbasic" name="googleTitleTest" time="0.001"/>
  <system-out/>
  <testcase classname="com.test.testngbasic" name="googleSearchTest" time="0.004"/>
  <system-out/>
</testsuite> <!-- com.test.testngbasic -->
